<?xml version="1.0" encoding="UTF-8"?>
<coverage generated="1617215426975" clover="3.2.0">
  <project timestamp="1617215426975" name="All files">
    <metrics statements="73" coveredstatements="0" conditionals="18" coveredconditionals="0" methods="5" coveredmethods="0" elements="96" coveredelements="0" complexity="0" loc="73" ncloc="73" packages="1" files="2" classes="2"/>
    <file name="Game.jsx" path="C:\Users\Tugran\vsCode\web_programming\odev04\src\Game.jsx">
      <metrics statements="69" coveredstatements="0" conditionals="18" coveredconditionals="0" methods="3" coveredmethods="0"/>
      <line num="1" count="0" type="stmt"/>
      <line num="2" count="0" type="stmt"/>
      <line num="5" count="0" type="stmt"/>
      <line num="6" count="0" type="stmt"/>
      <line num="7" count="0" type="cond" truecount="0" falsecount="2"/>
      <line num="8" count="0" type="stmt"/>
      <line num="10" count="0" type="stmt"/>
      <line num="11" count="0" type="stmt"/>
      <line num="13" count="0" type="cond" truecount="0" falsecount="2"/>
      <line num="14" count="0" type="stmt"/>
      <line num="15" count="0" type="stmt"/>
      <line num="16" count="0" type="stmt"/>
      <line num="17" count="0" type="stmt"/>
      <line num="19" count="0" type="cond" truecount="0" falsecount="2"/>
      <line num="20" count="0" type="stmt"/>
      <line num="21" count="0" type="stmt"/>
      <line num="22" count="0" type="stmt"/>
      <line num="23" count="0" type="stmt"/>
      <line num="24" count="0" type="stmt"/>
      <line num="27" count="0" type="stmt"/>
      <line num="30" count="0" type="stmt"/>
      <line num="31" count="0" type="stmt"/>
      <line num="32" count="0" type="stmt"/>
      <line num="33" count="0" type="stmt"/>
      <line num="34" count="0" type="stmt"/>
      <line num="37" count="0" type="stmt"/>
      <line num="38" count="0" type="cond" truecount="0" falsecount="2"/>
      <line num="39" count="0" type="stmt"/>
      <line num="41" count="0" type="stmt"/>
      <line num="42" count="0" type="stmt"/>
      <line num="44" count="0" type="cond" truecount="0" falsecount="2"/>
      <line num="45" count="0" type="stmt"/>
      <line num="46" count="0" type="stmt"/>
      <line num="47" count="0" type="stmt"/>
      <line num="48" count="0" type="stmt"/>
      <line num="50" count="0" type="cond" truecount="0" falsecount="2"/>
      <line num="51" count="0" type="stmt"/>
      <line num="52" count="0" type="stmt"/>
      <line num="53" count="0" type="stmt"/>
      <line num="54" count="0" type="stmt"/>
      <line num="55" count="0" type="stmt"/>
      <line num="57" count="0" type="stmt"/>
      <line num="60" count="0" type="stmt"/>
      <line num="61" count="0" type="stmt"/>
      <line num="62" count="0" type="stmt"/>
      <line num="63" count="0" type="stmt"/>
      <line num="64" count="0" type="stmt"/>
      <line num="67" count="0" type="stmt"/>
      <line num="68" count="0" type="cond" truecount="0" falsecount="2"/>
      <line num="69" count="0" type="stmt"/>
      <line num="71" count="0" type="stmt"/>
      <line num="72" count="0" type="stmt"/>
      <line num="74" count="0" type="cond" truecount="0" falsecount="2"/>
      <line num="75" count="0" type="stmt"/>
      <line num="76" count="0" type="stmt"/>
      <line num="77" count="0" type="stmt"/>
      <line num="78" count="0" type="stmt"/>
      <line num="80" count="0" type="cond" truecount="0" falsecount="2"/>
      <line num="81" count="0" type="stmt"/>
      <line num="82" count="0" type="stmt"/>
      <line num="83" count="0" type="stmt"/>
      <line num="84" count="0" type="stmt"/>
      <line num="85" count="0" type="stmt"/>
      <line num="87" count="0" type="stmt"/>
      <line num="90" count="0" type="stmt"/>
      <line num="91" count="0" type="stmt"/>
      <line num="92" count="0" type="stmt"/>
      <line num="93" count="0" type="stmt"/>
      <line num="94" count="0" type="stmt"/>
    </file>
    <file name="index.jsx" path="C:\Users\Tugran\vsCode\web_programming\odev04\src\index.jsx">
      <metrics statements="4" coveredstatements="0" conditionals="0" coveredconditionals="0" methods="2" coveredmethods="0"/>
      <line num="7" count="0" type="stmt"/>
      <line num="8" count="0" type="stmt"/>
      <line num="13" count="0" type="stmt"/>
      <line num="30" count="0" type="stmt"/>
    </file>
  </project>
</coverage>
