TN:
SF:src\Game.jsx
FN:4,random_image
FN:36,random_image_2
FN:66,random_image_3
FNF:3
FNH:0
FNDA:0,random_image
FNDA:0,random_image_2
FNDA:0,random_image_3
DA:1,0
DA:2,0
DA:5,0
DA:6,0
DA:7,0
DA:8,0
DA:10,0
DA:11,0
DA:13,0
DA:14,0
DA:15,0
DA:16,0
DA:17,0
DA:19,0
DA:20,0
DA:21,0
DA:22,0
DA:23,0
DA:24,0
DA:27,0
DA:30,0
DA:31,0
DA:32,0
DA:33,0
DA:34,0
DA:37,0
DA:38,0
DA:39,0
DA:41,0
DA:42,0
DA:44,0
DA:45,0
DA:46,0
DA:47,0
DA:48,0
DA:50,0
DA:51,0
DA:52,0
DA:53,0
DA:54,0
DA:55,0
DA:57,0
DA:60,0
DA:61,0
DA:62,0
DA:63,0
DA:64,0
DA:67,0
DA:68,0
DA:69,0
DA:71,0
DA:72,0
DA:74,0
DA:75,0
DA:76,0
DA:77,0
DA:78,0
DA:80,0
DA:81,0
DA:82,0
DA:83,0
DA:84,0
DA:85,0
DA:87,0
DA:90,0
DA:91,0
DA:92,0
DA:93,0
DA:94,0
LF:69
LH:0
BRDA:7,0,0,0
BRDA:7,0,1,0
BRDA:13,1,0,0
BRDA:13,1,1,0
BRDA:19,2,0,0
BRDA:19,2,1,0
BRDA:38,3,0,0
BRDA:38,3,1,0
BRDA:44,4,0,0
BRDA:44,4,1,0
BRDA:50,5,0,0
BRDA:50,5,1,0
BRDA:68,6,0,0
BRDA:68,6,1,0
BRDA:74,7,0,0
BRDA:74,7,1,0
BRDA:80,8,0,0
BRDA:80,8,1,0
BRF:18
BRH:0
end_of_record
TN:
SF:src\index.jsx
FN:6,(anonymous_0)
FN:12,(anonymous_1)
FNF:2
FNH:0
FNDA:0,(anonymous_0)
FNDA:0,(anonymous_1)
DA:7,0
DA:8,0
DA:13,0
DA:30,0
LF:4
LH:0
BRF:0
BRH:0
end_of_record
